<?xml version="1.0" encoding="UTF-8" ?>
<testsuite tests="6" failures="1" name="tests.TestAbout" time="0.303" errors="0" skipped="5">
  <properties>
[...]
</properties>
  <testcase classname="tests.TestAbout" name="beforeTest" time="0.302">
    <failure message="The driver is not executable: /Volumes/data/unified-data/projects/docker/asp.netDemo/Test_Automation/POC_Docker/./ChromeDriver/chromedriver.exe" type="java.lang.IllegalStateException">java.lang.IllegalStateException: The driver is not executable: /Volumes/data/unified-data/projects/docker/asp.netDemo/Test_Automation/POC_Docker/./ChromeDriver/chromedriver.exe
	at com.google.common.base.Preconditions.checkState(Preconditions.java:534)
	at org.openqa.selenium.remote.service.DriverService.checkExecutable(DriverService.java:140)
	at org.openqa.selenium.remote.service.DriverService.findExecutable(DriverService.java:131)
	at org.openqa.selenium.chrome.ChromeDriverService.access$000(ChromeDriverService.java:35)
	at org.openqa.selenium.chrome.ChromeDriverService$Builder.findDefaultExecutable(ChromeDriverService.java:156)
	at org.openqa.selenium.remote.service.DriverService$Builder.build(DriverService.java:339)
	at org.openqa.selenium.chrome.ChromeDriverService.createDefaultService(ChromeDriverService.java:91)
	at org.openqa.selenium.chrome.ChromeDriver.&lt;init&gt;(ChromeDriver.java:157)
	at utilities.BrowserConfig.openbrowser(BrowserConfig.java:42)
	at objectRepo.AboutPage.openHomePage(AboutPage.java:60)
	at tests.TestAbout.beforeTest(TestAbout.java:17)
</failure>
    <system-out>Configuring TestNG with: org.apache.maven.surefire.testng.conf.TestNG652Configurator@76a3e297
</system-out>
  </testcase>
  <testcase classname="tests.TestAbout" name="About" time="0">
    <skipped/>
  </testcase>
  <testcase classname="tests.TestAbout" name="Student" time="0">
    <skipped/>
  </testcase>
  <testcase classname="tests.TestAbout" name="Instructor" time="0">
    <skipped/>
  </testcase>
  <testcase classname="tests.TestAbout" name="Department" time="0">
    <skipped/>
  </testcase>
  <testcase classname="tests.TestAbout" name="afterTest" time="0.001">
    <skipped/>
  </testcase>
</testsuite>