<?xml version="1.0" encoding="UTF-8"?>
<testng-results total="4" passed="0" failed="0" skipped="4">
  <reporter-output>
  </reporter-output>
  <suite started-at="2019-02-21T13:59:41Z" name="tests.TestAbout" finished-at="2019-02-21T13:59:41Z" duration-ms="120">
    <groups>
    </groups>
    <test started-at="2019-02-21T13:59:41Z" name="Command line test" finished-at="2019-02-21T13:59:41Z" duration-ms="120">
      <class name="tests.TestAbout">
        <test-method is-config="true" signature="beforeTest()[pri:0, instance:tests.TestAbout@15c43bd9]" started-at="2019-02-21T18:59:41Z" name="beforeTest" finished-at="2019-02-21T18:59:41Z" duration-ms="0" status="FAIL">
          <exception class="java.lang.IllegalStateException">
            <message>
              <![CDATA[The driver is not executable: /Volumes/data/unified-data/projects/docker/asp.netDemo/Test_Automation/POC_Docker/./ChromeDriver/chromedriver.exe]]>
            </message>
            <full-stacktrace>
              <![CDATA[java.lang.IllegalStateException: The driver is not executable: /Volumes/data/unified-data/projects/docker/asp.netDemo/Test_Automation/POC_Docker/./ChromeDriver/chromedriver.exe
	at com.google.common.base.Preconditions.checkState(Preconditions.java:534)
	at org.openqa.selenium.remote.service.DriverService.checkExecutable(DriverService.java:140)
	at org.openqa.selenium.remote.service.DriverService.findExecutable(DriverService.java:131)
	at org.openqa.selenium.chrome.ChromeDriverService.access$000(ChromeDriverService.java:35)
	at org.openqa.selenium.chrome.ChromeDriverService$Builder.findDefaultExecutable(ChromeDriverService.java:156)
	at org.openqa.selenium.remote.service.DriverService$Builder.build(DriverService.java:339)
	at org.openqa.selenium.chrome.ChromeDriverService.createDefaultService(ChromeDriverService.java:91)
	at org.openqa.selenium.chrome.ChromeDriver.<init>(ChromeDriver.java:157)
	at utilities.BrowserConfig.openbrowser(BrowserConfig.java:42)
	at objectRepo.AboutPage.openHomePage(AboutPage.java:60)
	at tests.TestAbout.beforeTest(TestAbout.java:17)
	at java.base/jdk.internal.reflect.NativeMethodAccessorImpl.invoke0(Native Method)
	at java.base/jdk.internal.reflect.NativeMethodAccessorImpl.invoke(NativeMethodAccessorImpl.java:62)
	at java.base/jdk.internal.reflect.DelegatingMethodAccessorImpl.invoke(DelegatingMethodAccessorImpl.java:43)
	at java.base/java.lang.reflect.Method.invoke(Method.java:566)
	at org.testng.internal.MethodInvocationHelper.invokeMethod(MethodInvocationHelper.java:85)
	at org.testng.internal.Invoker.invokeConfigurationMethod(Invoker.java:510)
	at org.testng.internal.Invoker.invokeConfigurations(Invoker.java:211)
	at org.testng.internal.Invoker.invokeConfigurations(Invoker.java:138)
	at org.testng.TestRunner.beforeRun(TestRunner.java:648)
	at org.testng.TestRunner.run(TestRunner.java:616)
	at org.testng.SuiteRunner.runTest(SuiteRunner.java:359)
	at org.testng.SuiteRunner.runSequentially(SuiteRunner.java:354)
	at org.testng.SuiteRunner.privateRun(SuiteRunner.java:312)
	at org.testng.SuiteRunner.run(SuiteRunner.java:261)
	at org.testng.SuiteRunnerWorker.runSuite(SuiteRunnerWorker.java:52)
	at org.testng.SuiteRunnerWorker.run(SuiteRunnerWorker.java:86)
	at org.testng.TestNG.runSuitesSequentially(TestNG.java:1191)
	at org.testng.TestNG.runSuitesLocally(TestNG.java:1116)
	at org.testng.TestNG.run(TestNG.java:1024)
	at org.apache.maven.surefire.testng.TestNGExecutor.run(TestNGExecutor.java:77)
	at org.apache.maven.surefire.testng.TestNGDirectoryTestSuite.execute(TestNGDirectoryTestSuite.java:110)
	at org.apache.maven.surefire.testng.TestNGProvider.invoke(TestNGProvider.java:106)
	at java.base/jdk.internal.reflect.NativeMethodAccessorImpl.invoke0(Native Method)
	at java.base/jdk.internal.reflect.NativeMethodAccessorImpl.invoke(NativeMethodAccessorImpl.java:62)
	at java.base/jdk.internal.reflect.DelegatingMethodAccessorImpl.invoke(DelegatingMethodAccessorImpl.java:43)
	at java.base/java.lang.reflect.Method.invoke(Method.java:566)
	at org.apache.maven.surefire.util.ReflectionUtils.invokeMethodWithArray(ReflectionUtils.java:189)
	at org.apache.maven.surefire.booter.ProviderFactory$ProviderProxy.invoke(ProviderFactory.java:165)
	at org.apache.maven.surefire.booter.ProviderFactory.invokeProvider(ProviderFactory.java:85)
	at org.apache.maven.surefire.booter.ForkedBooter.runSuitesInProcess(ForkedBooter.java:115)
	at org.apache.maven.surefire.booter.ForkedBooter.main(ForkedBooter.java:75)
]]>
            </full-stacktrace>
          </exception> <!-- java.lang.IllegalStateException -->
          <reporter-output>
          </reporter-output>
        </test-method> <!-- beforeTest -->
        <test-method signature="About()[pri:1, instance:tests.TestAbout@15c43bd9]" started-at="2019-02-21T18:59:41Z" name="About" finished-at="2019-02-21T18:59:41Z" duration-ms="1" status="SKIP">
          <reporter-output>
          </reporter-output>
        </test-method> <!-- About -->
        <test-method signature="Student()[pri:2, instance:tests.TestAbout@15c43bd9]" started-at="2019-02-21T18:59:41Z" name="Student" finished-at="2019-02-21T18:59:41Z" duration-ms="0" status="SKIP">
          <reporter-output>
          </reporter-output>
        </test-method> <!-- Student -->
        <test-method signature="Instructor()[pri:4, instance:tests.TestAbout@15c43bd9]" started-at="2019-02-21T18:59:41Z" name="Instructor" finished-at="2019-02-21T18:59:41Z" duration-ms="1" status="SKIP">
          <reporter-output>
          </reporter-output>
        </test-method> <!-- Instructor -->
        <test-method is-config="true" signature="afterTest()[pri:0, instance:tests.TestAbout@15c43bd9]" started-at="2019-02-21T18:59:41Z" name="afterTest" finished-at="2019-02-21T18:59:41Z" duration-ms="0" status="SKIP">
          <reporter-output>
          </reporter-output>
        </test-method> <!-- afterTest -->
        <test-method signature="Department()[pri:5, instance:tests.TestAbout@15c43bd9]" started-at="2019-02-21T18:59:41Z" name="Department" finished-at="2019-02-21T18:59:41Z" duration-ms="0" status="SKIP">
          <reporter-output>
          </reporter-output>
        </test-method> <!-- Department -->
      </class> <!-- tests.TestAbout -->
    </test> <!-- Command line test -->
  </suite> <!-- tests.TestAbout -->
</testng-results>
